<?xml version="1.0" encoding="UTF-8" ?>
<testsuite tests="1" failures="0" name="base.Rate_Test" time="4.309" errors="1" skipped="0">
  <properties>
[...]
</properties>
  <testcase classname="base.Rate_Test" name="test" time="4.309">
    <error message="Index: 0, Size: 0" type="java.lang.IndexOutOfBoundsException">java.lang.IndexOutOfBoundsException: Index: 0, Size: 0
	at java.util.ArrayList.rangeCheck(ArrayList.java:653)
	at java.util.ArrayList.get(ArrayList.java:429)
	at base.RateDAL.getRate(RateDAL.java:35)
	at base.Rate_Test.test(Rate_Test.java:40)
	at sun.reflect.NativeMethodAccessorImpl.invoke0(Native Method)
	at sun.reflect.NativeMethodAccessorImpl.invoke(NativeMethodAccessorImpl.java:62)
	at sun.reflect.DelegatingMethodAccessorImpl.invoke(DelegatingMethodAccessorImpl.java:43)
	at java.lang.reflect.Method.invoke(Method.java:497)
	at org.junit.runners.model.FrameworkMethod$1.runReflectiveCall(FrameworkMethod.java:47)
	at org.junit.internal.runners.model.ReflectiveCallable.run(ReflectiveCallable.java:12)
	at org.junit.runners.model.FrameworkMethod.invokeExplosively(FrameworkMethod.java:44)
	at org.junit.internal.runners.statements.InvokeMethod.evaluate(InvokeMethod.java:17)
	at org.junit.runners.ParentRunner.runLeaf(ParentRunner.java:271)
	at org.junit.runners.BlockJUnit4ClassRunner.runChild(BlockJUnit4ClassRunner.java:70)
	at org.junit.runners.BlockJUnit4ClassRunner.runChild(BlockJUnit4ClassRunner.java:50)
	at org.junit.runners.ParentRunner$3.run(ParentRunner.java:238)
	at org.junit.runners.ParentRunner$1.schedule(ParentRunner.java:63)
	at org.junit.runners.ParentRunner.runChildren(ParentRunner.java:236)
	at org.junit.runners.ParentRunner.access$000(ParentRunner.java:53)
	at org.junit.runners.ParentRunner$2.evaluate(ParentRunner.java:229)
	at org.junit.runners.ParentRunner.run(ParentRunner.java:309)
	at org.apache.maven.surefire.junit4.JUnit4Provider.execute(JUnit4Provider.java:252)
	at org.apache.maven.surefire.junit4.JUnit4Provider.executeTestSet(JUnit4Provider.java:141)
	at org.apache.maven.surefire.junit4.JUnit4Provider.invoke(JUnit4Provider.java:112)
	at sun.reflect.NativeMethodAccessorImpl.invoke0(Native Method)
	at sun.reflect.NativeMethodAccessorImpl.invoke(NativeMethodAccessorImpl.java:62)
	at sun.reflect.DelegatingMethodAccessorImpl.invoke(DelegatingMethodAccessorImpl.java:43)
	at java.lang.reflect.Method.invoke(Method.java:497)
	at org.apache.maven.surefire.util.ReflectionUtils.invokeMethodWithArray(ReflectionUtils.java:189)
	at org.apache.maven.surefire.booter.ProviderFactory$ProviderProxy.invoke(ProviderFactory.java:165)
	at org.apache.maven.surefire.booter.ProviderFactory.invokeProvider(ProviderFactory.java:85)
	at org.apache.maven.surefire.booter.ForkedBooter.runSuitesInProcess(ForkedBooter.java:115)
	at org.apache.maven.surefire.booter.ForkedBooter.main(ForkedBooter.java:75)
</error>
    <system-out>21:39:15.913 [main] DEBUG org.jboss.logging - Logging Provider: org.jboss.logging.Slf4jLoggerProvider
21:39:15.923 [main] DEBUG o.h.i.internal.IntegratorServiceImpl - Adding Integrator [org.hibernate.cfg.beanvalidation.BeanValidationIntegrator].
21:39:15.925 [main] DEBUG o.h.i.internal.IntegratorServiceImpl - Adding Integrator [org.hibernate.secure.spi.JaccIntegrator].
21:39:15.926 [main] DEBUG o.h.i.internal.IntegratorServiceImpl - Adding Integrator [org.hibernate.cache.internal.CollectionCacheInvalidator].
21:39:15.992 [main] INFO  org.hibernate.Version - HHH000412: Hibernate Core {5.0.2.Final}
21:39:15.993 [main] INFO  org.hibernate.cfg.Environment - HHH000206: hibernate.properties not found
21:39:15.995 [main] INFO  org.hibernate.cfg.Environment - HHH000021: Bytecode provider name : javassist
21:39:16.022 [main] DEBUG o.h.b.j.i.s.LocalXmlResourceResolver - Interpreting public/system identifier : [-//Hibernate/Hibernate Configuration DTD 3.0//EN] - [http://www.hibernate.org/dtd/hibernate-configuration-3.0.dtd]
21:39:16.022 [main] DEBUG o.h.b.j.i.s.LocalXmlResourceResolver - Recognized hibernate-configuration identifier; attempting to resolve on classpath under org/hibernate/
21:39:16.028 [main] DEBUG o.h.b.c.internal.JaxbCfgProcessor - cfg.xml document did not define namespaces; wrapping in custom event reader to introduce namespace information
21:39:16.187 [main] DEBUG org.hibernate.cfg.Configuration - Building session factory using internal StandardServiceRegistryBuilder
21:39:16.193 [main] DEBUG o.h.service.spi.ServiceBinding - Overriding existing service binding [org.hibernate.secure.spi.JaccService]
21:39:16.193 [main] DEBUG org.hibernate.cfg.Configuration - Building session factory using provided StandardServiceRegistry
21:39:16.206 [main] DEBUG o.h.c.i.RegionFactoryInitiator - Cache region factory : org.hibernate.cache.internal.NoCachingRegionFactory
21:39:16.212 [main] INFO  o.h.annotations.common.Version - HCANN000001: Hibernate Commons Annotations {5.0.0.Final}
21:39:16.220 [main] DEBUG o.h.b.j.i.s.LocalXmlResourceResolver - Interpreting public/system identifier : [-//Hibernate/Hibernate Mapping DTD 3.0//EN] - [http://hibernate.sourceforge.net/hibernate-mapping-3.0.dtd]
21:39:16.222 [main] WARN  org.hibernate.orm.deprecation - HHH90000012: Recognized obsolete hibernate namespace http://hibernate.sourceforge.net/hibernate-mapping. Use namespace http://www.hibernate.org/dtd/hibernate-mapping instead.  Support for obsolete DTD/XSD namespaces may be removed at any time.
21:39:16.222 [main] DEBUG o.h.b.j.i.s.LocalXmlResourceResolver - Recognized legacy hibernate-mapping identifier; attempting to resolve on classpath under org/hibernate/
21:39:16.233 [main] DEBUG o.h.boot.jaxb.internal.MappingBinder - Performing JAXB binding of hbm.xml document : Origin(name=mapping/Rate.hbm.xml,type=RESOURCE)
21:39:16.846 [main] DEBUG org.hibernate.type.BasicTypeRegistry - Adding type registration boolean -&gt; org.hibernate.type.BooleanType@70ed52de
21:39:16.847 [main] DEBUG org.hibernate.type.BasicTypeRegistry - Adding type registration boolean -&gt; org.hibernate.type.BooleanType@70ed52de
21:39:16.847 [main] DEBUG org.hibernate.type.BasicTypeRegistry - Adding type registration java.lang.Boolean -&gt; org.hibernate.type.BooleanType@70ed52de
21:39:16.848 [main] DEBUG org.hibernate.type.BasicTypeRegistry - Adding type registration numeric_boolean -&gt; org.hibernate.type.NumericBooleanType@7c37508a
21:39:16.849 [main] DEBUG org.hibernate.type.BasicTypeRegistry - Adding type registration true_false -&gt; org.hibernate.type.TrueFalseType@17fc391b
21:39:16.849 [main] DEBUG org.hibernate.type.BasicTypeRegistry - Adding type registration yes_no -&gt; org.hibernate.type.YesNoType@359df09a
21:39:16.850 [main] DEBUG org.hibernate.type.BasicTypeRegistry - Adding type registration byte -&gt; org.hibernate.type.ByteType@514646ef
21:39:16.850 [main] DEBUG org.hibernate.type.BasicTypeRegistry - Adding type registration byte -&gt; org.hibernate.type.ByteType@514646ef
21:39:16.850 [main] DEBUG org.hibernate.type.BasicTypeRegistry - Adding type registration java.lang.Byte -&gt; org.hibernate.type.ByteType@514646ef
21:39:16.851 [main] DEBUG org.hibernate.type.BasicTypeRegistry - Adding type registration character -&gt; org.hibernate.type.CharacterType@35841320
21:39:16.852 [main] DEBUG org.hibernate.type.BasicTypeRegistry - Adding type registration char -&gt; org.hibernate.type.CharacterType@35841320
21:39:16.852 [main] DEBUG org.hibernate.type.BasicTypeRegistry - Adding type registration java.lang.Character -&gt; org.hibernate.type.CharacterType@35841320
21:39:16.853 [main] DEBUG org.hibernate.type.BasicTypeRegistry - Adding type registration short -&gt; org.hibernate.type.ShortType@3f4faf53
21:39:16.853 [main] DEBUG org.hibernate.type.BasicTypeRegistry - Adding type registration short -&gt; org.hibernate.type.ShortType@3f4faf53
21:39:16.853 [main] DEBUG org.hibernate.type.BasicTypeRegistry - Adding type registration java.lang.Short -&gt; org.hibernate.type.ShortType@3f4faf53
21:39:16.854 [main] DEBUG org.hibernate.type.BasicTypeRegistry - Adding type registration integer -&gt; org.hibernate.type.IntegerType@25be7b63
21:39:16.854 [main] DEBUG org.hibernate.type.BasicTypeRegistry - Adding type registration int -&gt; org.hibernate.type.IntegerType@25be7b63
21:39:16.854 [main] DEBUG org.hibernate.type.BasicTypeRegistry - Adding type registration java.lang.Integer -&gt; org.hibernate.type.IntegerType@25be7b63
21:39:16.855 [main] DEBUG org.hibernate.type.BasicTypeRegistry - Adding type registration long -&gt; org.hibernate.type.LongType@c430e6c
21:39:16.855 [main] DEBUG org.hibernate.type.BasicTypeRegistry - Adding type registration long -&gt; org.hibernate.type.LongType@c430e6c
21:39:16.856 [main] DEBUG org.hibernate.type.BasicTypeRegistry - Adding type registration java.lang.Long -&gt; org.hibernate.type.LongType@c430e6c
21:39:16.857 [main] DEBUG org.hibernate.type.BasicTypeRegistry - Adding type registration float -&gt; org.hibernate.type.FloatType@65987993
21:39:16.857 [main] DEBUG org.hibernate.type.BasicTypeRegistry - Adding type registration float -&gt; org.hibernate.type.FloatType@65987993
21:39:16.857 [main] DEBUG org.hibernate.type.BasicTypeRegistry - Adding type registration java.lang.Float -&gt; org.hibernate.type.FloatType@65987993
21:39:16.858 [main] DEBUG org.hibernate.type.BasicTypeRegistry - Adding type registration double -&gt; org.hibernate.type.DoubleType@7d900ecf
21:39:16.858 [main] DEBUG org.hibernate.type.BasicTypeRegistry - Adding type registration double -&gt; org.hibernate.type.DoubleType@7d900ecf
21:39:16.858 [main] DEBUG org.hibernate.type.BasicTypeRegistry - Adding type registration java.lang.Double -&gt; org.hibernate.type.DoubleType@7d900ecf
21:39:16.867 [main] DEBUG org.hibernate.type.BasicTypeRegistry - Adding type registration big_decimal -&gt; org.hibernate.type.BigDecimalType@6cb107fd
21:39:16.868 [main] DEBUG org.hibernate.type.BasicTypeRegistry - Adding type registration java.math.BigDecimal -&gt; org.hibernate.type.BigDecimalType@6cb107fd
21:39:16.869 [main] DEBUG org.hibernate.type.BasicTypeRegistry - Adding type registration big_integer -&gt; org.hibernate.type.BigIntegerType@eadd4fb
21:39:16.869 [main] DEBUG org.hibernate.type.BasicTypeRegistry - Adding type registration java.math.BigInteger -&gt; org.hibernate.type.BigIntegerType@eadd4fb
21:39:16.869 [main] DEBUG org.hibernate.type.BasicTypeRegistry - Adding type registration string -&gt; org.hibernate.type.StringType@2a8448fa
21:39:16.869 [main] DEBUG org.hibernate.type.BasicTypeRegistry - Adding type registration java.lang.String -&gt; org.hibernate.type.StringType@2a8448fa
21:39:16.870 [main] DEBUG org.hibernate.type.BasicTypeRegistry - Adding type registration nstring -&gt; org.hibernate.type.StringNVarcharType@3ad83a66
21:39:16.871 [main] DEBUG org.hibernate.type.BasicTypeRegistry - Adding type registration ncharacter -&gt; org.hibernate.type.CharacterNCharType@5b38c1ec
21:39:16.871 [main] DEBUG org.hibernate.type.BasicTypeRegistry - Adding type registration url -&gt; org.hibernate.type.UrlType@1807e3f6
21:39:16.871 [main] DEBUG org.hibernate.type.BasicTypeRegistry - Adding type registration java.net.URL -&gt; org.hibernate.type.UrlType@1807e3f6
21:39:16.873 [main] DEBUG org.hibernate.type.BasicTypeRegistry - Adding type registration date -&gt; org.hibernate.type.DateType@5b7a7f33
21:39:16.873 [main] DEBUG org.hibernate.type.BasicTypeRegistry - Adding type registration java.sql.Date -&gt; org.hibernate.type.DateType@5b7a7f33
21:39:16.874 [main] DEBUG org.hibernate.type.BasicTypeRegistry - Adding type registration time -&gt; org.hibernate.type.TimeType@68c9d179
21:39:16.874 [main] DEBUG org.hibernate.type.BasicTypeRegistry - Adding type registration java.sql.Time -&gt; org.hibernate.type.TimeType@68c9d179
21:39:16.875 [main] DEBUG org.hibernate.type.BasicTypeRegistry - Adding type registration timestamp -&gt; org.hibernate.type.TimestampType@3feb2dda
21:39:16.875 [main] DEBUG org.hibernate.type.BasicTypeRegistry - Adding type registration java.sql.Timestamp -&gt; org.hibernate.type.TimestampType@3feb2dda
21:39:16.875 [main] DEBUG org.hibernate.type.BasicTypeRegistry - Adding type registration java.util.Date -&gt; org.hibernate.type.TimestampType@3feb2dda
21:39:16.877 [main] DEBUG org.hibernate.type.BasicTypeRegistry - Adding type registration dbtimestamp -&gt; org.hibernate.type.DbTimestampType@333d4a8c
21:39:16.878 [main] DEBUG org.hibernate.type.BasicTypeRegistry - Adding type registration calendar -&gt; org.hibernate.type.CalendarType@4d14b6c2
21:39:16.878 [main] DEBUG org.hibernate.type.BasicTypeRegistry - Adding type registration java.util.Calendar -&gt; org.hibernate.type.CalendarType@4d14b6c2
21:39:16.878 [main] DEBUG org.hibernate.type.BasicTypeRegistry - Adding type registration java.util.GregorianCalendar -&gt; org.hibernate.type.CalendarType@4d14b6c2
21:39:16.878 [main] DEBUG org.hibernate.type.BasicTypeRegistry - Adding type registration calendar_date -&gt; org.hibernate.type.CalendarDateType@25df00a0
21:39:16.879 [main] DEBUG org.hibernate.type.BasicTypeRegistry - Adding type registration locale -&gt; org.hibernate.type.LocaleType@60f00693
21:39:16.879 [main] DEBUG org.hibernate.type.BasicTypeRegistry - Adding type registration java.util.Locale -&gt; org.hibernate.type.LocaleType@60f00693
21:39:16.880 [main] DEBUG org.hibernate.type.BasicTypeRegistry - Adding type registration currency -&gt; org.hibernate.type.CurrencyType@aba625
21:39:16.880 [main] DEBUG org.hibernate.type.BasicTypeRegistry - Adding type registration java.util.Currency -&gt; org.hibernate.type.CurrencyType@aba625
21:39:16.881 [main] DEBUG org.hibernate.type.BasicTypeRegistry - Adding type registration timezone -&gt; org.hibernate.type.TimeZoneType@6b09fb41
21:39:16.881 [main] DEBUG org.hibernate.type.BasicTypeRegistry - Adding type registration java.util.TimeZone -&gt; org.hibernate.type.TimeZoneType@6b09fb41
21:39:16.881 [main] DEBUG org.hibernate.type.BasicTypeRegistry - Adding type registration class -&gt; org.hibernate.type.ClassType@34bde49d
21:39:16.882 [main] DEBUG org.hibernate.type.BasicTypeRegistry - Adding type registration java.lang.Class -&gt; org.hibernate.type.ClassType@34bde49d
21:39:16.883 [main] DEBUG org.hibernate.type.BasicTypeRegistry - Adding type registration uuid-binary -&gt; org.hibernate.type.UUIDBinaryType@1be2019a
21:39:16.883 [main] DEBUG org.hibernate.type.BasicTypeRegistry - Adding type registration java.util.UUID -&gt; org.hibernate.type.UUIDBinaryType@1be2019a
21:39:16.883 [main] DEBUG org.hibernate.type.BasicTypeRegistry - Adding type registration uuid-char -&gt; org.hibernate.type.UUIDCharType@446a1e84
21:39:16.884 [main] DEBUG org.hibernate.type.BasicTypeRegistry - Adding type registration binary -&gt; org.hibernate.type.BinaryType@7139992f
21:39:16.884 [main] DEBUG org.hibernate.type.BasicTypeRegistry - Adding type registration byte[] -&gt; org.hibernate.type.BinaryType@7139992f
21:39:16.885 [main] DEBUG org.hibernate.type.BasicTypeRegistry - Adding type registration [B -&gt; org.hibernate.type.BinaryType@7139992f
21:39:16.885 [main] DEBUG org.hibernate.type.BasicTypeRegistry - Adding type registration wrapper-binary -&gt; org.hibernate.type.WrapperBinaryType@7eecb5b8
21:39:16.885 [main] DEBUG org.hibernate.type.BasicTypeRegistry - Adding type registration Byte[] -&gt; org.hibernate.type.WrapperBinaryType@7eecb5b8
21:39:16.887 [main] DEBUG org.hibernate.type.BasicTypeRegistry - Adding type registration [Ljava.lang.Byte; -&gt; org.hibernate.type.WrapperBinaryType@7eecb5b8
21:39:16.888 [main] DEBUG org.hibernate.type.BasicTypeRegistry - Adding type registration image -&gt; org.hibernate.type.ImageType@5c7bfdc1
21:39:16.889 [main] DEBUG org.hibernate.type.BasicTypeRegistry - Adding type registration characters -&gt; org.hibernate.type.CharArrayType@7fb4f2a9
21:39:16.889 [main] DEBUG org.hibernate.type.BasicTypeRegistry - Adding type registration char[] -&gt; org.hibernate.type.CharArrayType@7fb4f2a9
21:39:16.889 [main] DEBUG org.hibernate.type.BasicTypeRegistry - Adding type registration [C -&gt; org.hibernate.type.CharArrayType@7fb4f2a9
21:39:16.890 [main] DEBUG org.hibernate.type.BasicTypeRegistry - Adding type registration wrapper-characters -&gt; org.hibernate.type.CharacterArrayType@7bbc8656
21:39:16.890 [main] DEBUG org.hibernate.type.BasicTypeRegistry - Adding type registration [Ljava.lang.Character; -&gt; org.hibernate.type.CharacterArrayType@7bbc8656
21:39:16.890 [main] DEBUG org.hibernate.type.BasicTypeRegistry - Adding type registration Character[] -&gt; org.hibernate.type.CharacterArrayType@7bbc8656
21:39:16.891 [main] DEBUG org.hibernate.type.BasicTypeRegistry - Adding type registration text -&gt; org.hibernate.type.TextType@169bb4dd
21:39:16.891 [main] DEBUG org.hibernate.type.BasicTypeRegistry - Adding type registration ntext -&gt; org.hibernate.type.NTextType@2d0399f4
21:39:16.895 [main] DEBUG org.hibernate.type.BasicTypeRegistry - Adding type registration blob -&gt; org.hibernate.type.BlobType@660acfb
21:39:16.895 [main] DEBUG org.hibernate.type.BasicTypeRegistry - Adding type registration java.sql.Blob -&gt; org.hibernate.type.BlobType@660acfb
21:39:16.895 [main] DEBUG org.hibernate.type.BasicTypeRegistry - Adding type registration materialized_blob -&gt; org.hibernate.type.MaterializedBlobType@1f9f6368
21:39:16.898 [main] DEBUG org.hibernate.type.BasicTypeRegistry - Adding type registration clob -&gt; org.hibernate.type.ClobType@311bf055
21:39:16.898 [main] DEBUG org.hibernate.type.BasicTypeRegistry - Adding type registration java.sql.Clob -&gt; org.hibernate.type.ClobType@311bf055
21:39:16.902 [main] DEBUG org.hibernate.type.BasicTypeRegistry - Adding type registration nclob -&gt; org.hibernate.type.NClobType@10289886
21:39:16.902 [main] DEBUG org.hibernate.type.BasicTypeRegistry - Adding type registration java.sql.NClob -&gt; org.hibernate.type.NClobType@10289886
21:39:16.902 [main] DEBUG org.hibernate.type.BasicTypeRegistry - Adding type registration materialized_clob -&gt; org.hibernate.type.MaterializedClobType@4ee203eb
21:39:16.903 [main] DEBUG org.hibernate.type.BasicTypeRegistry - Adding type registration materialized_nclob -&gt; org.hibernate.type.MaterializedNClobType@60db1c0e
21:39:16.904 [main] DEBUG org.hibernate.type.BasicTypeRegistry - Adding type registration serializable -&gt; org.hibernate.type.SerializableType@2438dcd
21:39:16.907 [main] DEBUG org.hibernate.type.BasicTypeRegistry - Adding type registration object -&gt; org.hibernate.type.ObjectType@2ad48653
21:39:16.907 [main] DEBUG org.hibernate.type.BasicTypeRegistry - Adding type registration java.lang.Object -&gt; org.hibernate.type.ObjectType@2ad48653
21:39:16.908 [main] DEBUG org.hibernate.type.BasicTypeRegistry - Adding type registration imm_date -&gt; org.hibernate.type.AdaptedImmutableType@45efd90f
21:39:16.908 [main] DEBUG org.hibernate.type.BasicTypeRegistry - Adding type registration imm_time -&gt; org.hibernate.type.AdaptedImmutableType@4b8729ff
21:39:16.908 [main] DEBUG org.hibernate.type.BasicTypeRegistry - Adding type registration imm_timestamp -&gt; org.hibernate.type.AdaptedImmutableType@61710c6
21:39:16.908 [main] DEBUG org.hibernate.type.BasicTypeRegistry - Adding type registration imm_dbtimestamp -&gt; org.hibernate.type.AdaptedImmutableType@3214ee6
21:39:16.908 [main] DEBUG org.hibernate.type.BasicTypeRegistry - Adding type registration imm_calendar -&gt; org.hibernate.type.AdaptedImmutableType@383dc82c
21:39:16.908 [main] DEBUG org.hibernate.type.BasicTypeRegistry - Adding type registration imm_calendar_date -&gt; org.hibernate.type.AdaptedImmutableType@4a07d605
21:39:16.909 [main] DEBUG org.hibernate.type.BasicTypeRegistry - Adding type registration imm_binary -&gt; org.hibernate.type.AdaptedImmutableType@74287ea3
21:39:16.909 [main] DEBUG org.hibernate.type.BasicTypeRegistry - Adding type registration imm_serializable -&gt; org.hibernate.type.AdaptedImmutableType@7d7758be
21:39:16.917 [main] WARN  o.h.e.j.c.i.DriverManagerConnectionProviderImpl - HHH000402: Using Hibernate built-in connection pool (not for production use!)
21:39:16.918 [main] DEBUG o.h.e.j.c.i.DriverManagerConnectionProviderImpl - No driver class specified
21:39:16.918 [main] INFO  o.h.e.j.c.i.DriverManagerConnectionProviderImpl - HHH000401: using driver [null] at URL [jdbc:oracle:thin:@cisc181.ci3wacsy5j84.us-east-1.rds.amazonaws.com:1521:ORCL]
21:39:16.918 [main] INFO  o.h.e.j.c.i.DriverManagerConnectionProviderImpl - HHH000046: Connection properties: {user=CHENM, password=xhcmk52180868}
21:39:16.918 [main] INFO  o.h.e.j.c.i.DriverManagerConnectionProviderImpl - HHH000006: Autocommit mode: false
21:39:16.919 [main] INFO  o.h.e.j.c.i.DriverManagerConnectionProviderImpl - HHH000115: Hibernate connection pool size: 20 (min=1)
21:39:16.920 [main] DEBUG o.h.e.j.c.i.DriverManagerConnectionProviderImpl - Initializing Connection pool with 1 Connections
21:39:17.944 [main] DEBUG o.h.e.j.e.i.JdbcEnvironmentInitiator - Database -&gt;
       name : Oracle
    version : Oracle Database 11g Release 11.2.0.4.0 - 64bit Production
      major : 11
      minor : 2
21:39:17.944 [main] DEBUG o.h.e.j.e.i.JdbcEnvironmentInitiator - Driver -&gt;
       name : Oracle JDBC driver
    version : 11.2.0.3.0
      major : 11
      minor : 2
21:39:17.945 [main] DEBUG o.h.e.j.e.i.JdbcEnvironmentInitiator - JDBC version : 11.2
21:39:18.002 [main] INFO  org.hibernate.dialect.Dialect - HHH000400: Using dialect: org.hibernate.dialect.Oracle10gDialect
21:39:18.018 [main] DEBUG o.h.e.j.c.i.StandardRefCursorSupport - Unexpected error trying to gauge level of JDBC REF_CURSOR support : null
21:39:18.397 [main] DEBUG o.h.i.f.i.DefaultIdentifierGeneratorFactory - Registering IdentifierGenerator strategy [uuid2] -&gt; [org.hibernate.id.UUIDGenerator]
21:39:18.398 [main] DEBUG o.h.i.f.i.DefaultIdentifierGeneratorFactory - Registering IdentifierGenerator strategy [guid] -&gt; [org.hibernate.id.GUIDGenerator]
21:39:18.399 [main] DEBUG o.h.i.f.i.DefaultIdentifierGeneratorFactory - Registering IdentifierGenerator strategy [uuid] -&gt; [org.hibernate.id.UUIDHexGenerator]
21:39:18.399 [main] DEBUG o.h.i.f.i.DefaultIdentifierGeneratorFactory - Registering IdentifierGenerator strategy [uuid.hex] -&gt; [org.hibernate.id.UUIDHexGenerator]
21:39:18.400 [main] DEBUG o.h.i.f.i.DefaultIdentifierGeneratorFactory - Registering IdentifierGenerator strategy [assigned] -&gt; [org.hibernate.id.Assigned]
21:39:18.401 [main] DEBUG o.h.i.f.i.DefaultIdentifierGeneratorFactory - Registering IdentifierGenerator strategy [identity] -&gt; [org.hibernate.id.IdentityGenerator]
21:39:18.401 [main] DEBUG o.h.i.f.i.DefaultIdentifierGeneratorFactory - Registering IdentifierGenerator strategy [select] -&gt; [org.hibernate.id.SelectGenerator]
21:39:18.403 [main] DEBUG o.h.i.f.i.DefaultIdentifierGeneratorFactory - Registering IdentifierGenerator strategy [sequence] -&gt; [org.hibernate.id.enhanced.SequenceStyleGenerator]
21:39:18.404 [main] DEBUG o.h.i.f.i.DefaultIdentifierGeneratorFactory - Registering IdentifierGenerator strategy [seqhilo] -&gt; [org.hibernate.id.SequenceHiLoGenerator]
21:39:18.405 [main] DEBUG o.h.i.f.i.DefaultIdentifierGeneratorFactory - Registering IdentifierGenerator strategy [increment] -&gt; [org.hibernate.id.IncrementGenerator]
21:39:18.405 [main] DEBUG o.h.i.f.i.DefaultIdentifierGeneratorFactory - Registering IdentifierGenerator strategy [foreign] -&gt; [org.hibernate.id.ForeignGenerator]
21:39:18.406 [main] DEBUG o.h.i.f.i.DefaultIdentifierGeneratorFactory - Registering IdentifierGenerator strategy [sequence-identity] -&gt; [org.hibernate.id.SequenceIdentityGenerator]
21:39:18.406 [main] DEBUG o.h.i.f.i.DefaultIdentifierGeneratorFactory - Registering IdentifierGenerator strategy [enhanced-sequence] -&gt; [org.hibernate.id.enhanced.SequenceStyleGenerator]
21:39:18.407 [main] DEBUG o.h.i.f.i.DefaultIdentifierGeneratorFactory - Registering IdentifierGenerator strategy [enhanced-table] -&gt; [org.hibernate.id.enhanced.TableGenerator]
21:39:18.461 [main] DEBUG o.h.boot.model.relational.Namespace - Created database namespace [logicalName=Name{catalog=null, schema=CHENM}, physicalName=Name{catalog=null, schema=CHENM}]
21:39:18.485 [main] DEBUG o.h.b.m.s.internal.hbm.ModelBinder - Mapping class: domain.RateDomainModel -&gt; tblrate
21:39:18.491 [main] DEBUG o.h.b.m.s.internal.hbm.ModelBinder - Mapped property: RateID -&gt; [RateID]
21:39:18.493 [main] DEBUG o.h.b.m.s.internal.hbm.ModelBinder - Mapped property: MinCreditScore -&gt; [MinCreditScore]
21:39:18.493 [main] DEBUG o.h.b.m.s.internal.hbm.ModelBinder - Mapped property: InterestRate -&gt; [InterestRate]
21:39:18.523 [main] DEBUG o.h.internal.SessionFactoryImpl - Building session factory
21:39:18.524 [main] DEBUG org.hibernate.cfg.Settings - SessionFactory name : null
21:39:18.524 [main] DEBUG org.hibernate.cfg.Settings - Automatic flush during beforeCompletion(): disabled
21:39:18.524 [main] DEBUG org.hibernate.cfg.Settings - Automatic session close at end of transaction: disabled
21:39:18.524 [main] DEBUG org.hibernate.cfg.Settings - Statistics: disabled
21:39:18.524 [main] DEBUG org.hibernate.cfg.Settings - Deleted entity synthetic identifier rollback: disabled
21:39:18.524 [main] DEBUG org.hibernate.cfg.Settings - Default entity-mode: pojo
21:39:18.525 [main] DEBUG org.hibernate.cfg.Settings - Check Nullability in Core (should be disabled when Bean Validation is on): enabled
21:39:18.525 [main] DEBUG org.hibernate.cfg.Settings - Allow initialization of lazy state outside session : disabled
21:39:18.525 [main] DEBUG org.hibernate.cfg.Settings - Using BatchFetchStyle : LEGACY
21:39:18.525 [main] DEBUG org.hibernate.cfg.Settings - Default batch fetch size: -1
21:39:18.525 [main] DEBUG org.hibernate.cfg.Settings - Maximum outer join fetch depth: null
21:39:18.525 [main] DEBUG org.hibernate.cfg.Settings - Default null ordering: NONE
21:39:18.525 [main] DEBUG org.hibernate.cfg.Settings - Order SQL updates by primary key: disabled
21:39:18.525 [main] DEBUG org.hibernate.cfg.Settings - Order SQL inserts for batching: disabled
21:39:18.525 [main] DEBUG org.hibernate.cfg.Settings - multi-tenancy strategy : NONE
21:39:18.525 [main] DEBUG org.hibernate.cfg.Settings - JTA Track by Thread: enabled
21:39:18.525 [main] DEBUG org.hibernate.cfg.Settings - Query language substitutions: {}
21:39:18.525 [main] DEBUG org.hibernate.cfg.Settings - JPA query language strict compliance: disabled
21:39:18.526 [main] DEBUG org.hibernate.cfg.Settings - Named query checking : enabled
21:39:18.526 [main] DEBUG org.hibernate.cfg.Settings - Second-level cache: enabled
21:39:18.526 [main] DEBUG org.hibernate.cfg.Settings - Second-level query cache: disabled
21:39:18.526 [main] DEBUG org.hibernate.cfg.Settings - Second-level query cache factory: org.hibernate.cache.internal.StandardQueryCacheFactory@3dd1dc90
21:39:18.526 [main] DEBUG org.hibernate.cfg.Settings - Second-level cache region prefix: null
21:39:18.526 [main] DEBUG org.hibernate.cfg.Settings - Optimize second-level cache for minimal puts: disabled
21:39:18.526 [main] DEBUG org.hibernate.cfg.Settings - Structured second-level cache entries: disabled
21:39:18.526 [main] DEBUG org.hibernate.cfg.Settings - Second-level cache direct-reference entries: disabled
21:39:18.526 [main] DEBUG org.hibernate.cfg.Settings - Automatic eviction of collection cache: disabled
21:39:18.526 [main] DEBUG org.hibernate.cfg.Settings - JDBC batch size: 15
21:39:18.526 [main] DEBUG org.hibernate.cfg.Settings - JDBC batch updates for versioned data: disabled
21:39:18.526 [main] DEBUG org.hibernate.cfg.Settings - Scrollable result sets: enabled
21:39:18.527 [main] DEBUG org.hibernate.cfg.Settings - Wrap result sets: disabled
21:39:18.527 [main] DEBUG org.hibernate.cfg.Settings - JDBC3 getGeneratedKeys(): disabled
21:39:18.527 [main] DEBUG org.hibernate.cfg.Settings - JDBC result set fetch size: null
21:39:18.527 [main] DEBUG org.hibernate.cfg.Settings - Connection release mode: ON_CLOSE
21:39:18.527 [main] DEBUG org.hibernate.cfg.Settings - Generate SQL with comments: disabled
21:39:18.577 [main] DEBUG o.h.internal.SessionFactoryImpl - Session factory constructed with filter configurations : {}
21:39:18.578 [main] DEBUG o.h.internal.SessionFactoryImpl - Instantiating session factory with properties: {hibernate.connection.password=xhcmk52180868, java.runtime.name=Java(TM) SE Runtime Environment, java.vm.version=25.60-b23, hibernate.default_schema=CHENM, sun.boot.library.path=/Library/Java/JavaVirtualMachines/jdk1.8.0_60.jdk/Contents/Home/jre/lib, hibernate.connection.username=CHENM, hibernate.boot.CfgXmlAccessService.key=org.hibernate.boot.cfgxml.spi.LoadedConfig@76f7d241, gopherProxySet=false, java.vm.vendor=Oracle Corporation, java.vendor.url=http://java.oracle.com/, path.separator=:, java.vm.name=Java HotSpot(TM) 64-Bit Server VM, file.encoding.pkg=sun.io, sun.os.patch.level=unknown, user.country=US, sun.java.launcher=SUN_STANDARD, java.vm.specification.name=Java Virtual Machine Specification, user.dir=/Users/mingkunchen/Desktop/CISC 181/J2SE_Workspace/Final coding/FinalExamStarter-master/FirstBankMortgage_DAL, java.runtime.version=1.8.0_60-b27, java.awt.graphicsenv=sun.awt.CGraphicsEnvironment, basedir=/Users/mingkunchen/Desktop/CISC 181/J2SE_Workspace/Final coding/FinalExamStarter-master/FirstBankMortgage_DAL, os.arch=x86_64, java.endorsed.dirs=/Library/Java/JavaVirtualMachines/jdk1.8.0_60.jdk/Contents/Home/jre/lib/endorsed, surefire.real.class.path=/Users/mingkunchen/Desktop/CISC 181/J2SE_Workspace/Final coding/FinalExamStarter-master/FirstBankMortgage_DAL/target/surefire/surefirebooter6263582893075316718.jar, java.io.tmpdir=/var/folders/zm/vr0rzs_s35g1mpk7_c1sc8kh0000gn/T/, line.separator=
, java.vm.specification.vendor=Oracle Corporation, os.name=Mac OS X, sun.jnu.encoding=UTF-8, java.library.path=/Users/mingkunchen/Library/Java/Extensions:/Library/Java/Extensions:/Network/Library/Java/Extensions:/System/Library/Java/Extensions:/usr/lib/java:., surefire.test.class.path=/Users/mingkunchen/Desktop/CISC 181/J2SE_Workspace/Final coding/FinalExamStarter-master/FirstBankMortgage_DAL/target/test-classes:/Users/mingkunchen/Desktop/CISC 181/J2SE_Workspace/Final coding/FinalExamStarter-master/FirstBankMortgage_DAL/target/classes:/Users/mingkunchen/.m2/repository/org/springframework/spring-context/3.2.3.RELEASE/spring-context-3.2.3.RELEASE.jar:/Users/mingkunchen/.m2/repository/org/springframework/spring-aop/3.2.3.RELEASE/spring-aop-3.2.3.RELEASE.jar:/Users/mingkunchen/.m2/repository/org/springframework/spring-beans/3.2.3.RELEASE/spring-beans-3.2.3.RELEASE.jar:/Users/mingkunchen/.m2/repository/org/springframework/spring-core/3.2.3.RELEASE/spring-core-3.2.3.RELEASE.jar:/Users/mingkunchen/.m2/repository/commons-logging/commons-logging/1.1.1/commons-logging-1.1.1.jar:/Users/mingkunchen/.m2/repository/org/springframework/spring-expression/3.2.3.RELEASE/spring-expression-3.2.3.RELEASE.jar:/Users/mingkunchen/.m2/repository/org/springframework/spring-tx/3.2.3.RELEASE/spring-tx-3.2.3.RELEASE.jar:/Users/mingkunchen/.m2/repository/aopalliance/aopalliance/1.0/aopalliance-1.0.jar:/Users/mingkunchen/.m2/repository/org/slf4j/slf4j-api/1.7.5/slf4j-api-1.7.5.jar:/Users/mingkunchen/.m2/repository/ch/qos/logback/logback-classic/1.0.13/logback-classic-1.0.13.jar:/Users/mingkunchen/.m2/repository/ch/qos/logback/logback-core/1.0.13/logback-core-1.0.13.jar:/Users/mingkunchen/.m2/repository/org/hibernate/hibernate-entitymanager/5.0.2.Final/hibernate-entitymanager-5.0.2.Final.jar:/Users/mingkunchen/.m2/repository/org/jboss/logging/jboss-logging/3.3.0.Final/jboss-logging-3.3.0.Final.jar:/Users/mingkunchen/.m2/repository/org/hibernate/hibernate-core/5.0.2.Final/hibernate-core-5.0.2.Final.jar:/Users/mingkunchen/.m2/repository/antlr/antlr/2.7.7/antlr-2.7.7.jar:/Users/mingkunchen/.m2/repository/org/jboss/jandex/1.2.2.Final/jandex-1.2.2.Final.jar:/Users/mingkunchen/.m2/repository/dom4j/dom4j/1.6.1/dom4j-1.6.1.jar:/Users/mingkunchen/.m2/repository/xml-apis/xml-apis/1.0.b2/xml-apis-1.0.b2.jar:/Users/mingkunchen/.m2/repository/org/hibernate/common/hibernate-commons-annotations/5.0.0.Final/hibernate-commons-annotations-5.0.0.Final.jar:/Users/mingkunchen/.m2/repository/org/hibernate/javax/persistence/hibernate-jpa-2.1-api/1.0.0.Final/hibernate-jpa-2.1-api-1.0.0.Final.jar:/Users/mingkunchen/.m2/repository/org/apache/geronimo/specs/geronimo-jta_1.1_spec/1.1.1/geronimo-jta_1.1_spec-1.1.1.jar:/Users/mingkunchen/.m2/repository/org/javassist/javassist/3.18.1-GA/javassist-3.18.1-GA.jar:/Users/mingkunchen/.m2/repository/org/springframework/spring-test/3.2.3.RELEASE/spring-test-3.2.3.RELEASE.jar:/Users/mingkunchen/.m2/repository/junit/junit/4.11/junit-4.11.jar:/Users/mingkunchen/.m2/repository/org/hamcrest/hamcrest-core/1.3/hamcrest-core-1.3.jar:/Users/mingkunchen/.m2/repository/org/apache/poi/poi/3.9/poi-3.9.jar:/Users/mingkunchen/.m2/repository/commons-codec/commons-codec/1.5/commons-codec-1.5.jar:/Users/mingkunchen/.m2/repository/com/oracle/ojdbc6/11.2.0.3/ojdbc6-11.2.0.3.jar:, java.class.version=52.0, java.specification.name=Java Platform API Specification, sun.management.compiler=HotSpot 64-Bit Tiered Compilers, os.version=10.11.2, user.home=/Users/mingkunchen, user.timezone=America/New_York, java.awt.printerjob=sun.lwawt.macosx.CPrinterJob, file.encoding=UTF-8, java.specification.version=1.8, hibernate.format_sql=true, show_sql=true, user.name=mingkunchen, java.class.path=/Users/mingkunchen/Desktop/CISC 181/J2SE_Workspace/Final coding/FinalExamStarter-master/FirstBankMortgage_DAL/target/test-classes:/Users/mingkunchen/Desktop/CISC 181/J2SE_Workspace/Final coding/FinalExamStarter-master/FirstBankMortgage_DAL/target/classes:/Users/mingkunchen/.m2/repository/org/springframework/spring-context/3.2.3.RELEASE/spring-context-3.2.3.RELEASE.jar:/Users/mingkunchen/.m2/repository/org/springframework/spring-aop/3.2.3.RELEASE/spring-aop-3.2.3.RELEASE.jar:/Users/mingkunchen/.m2/repository/org/springframework/spring-beans/3.2.3.RELEASE/spring-beans-3.2.3.RELEASE.jar:/Users/mingkunchen/.m2/repository/org/springframework/spring-core/3.2.3.RELEASE/spring-core-3.2.3.RELEASE.jar:/Users/mingkunchen/.m2/repository/commons-logging/commons-logging/1.1.1/commons-logging-1.1.1.jar:/Users/mingkunchen/.m2/repository/org/springframework/spring-expression/3.2.3.RELEASE/spring-expression-3.2.3.RELEASE.jar:/Users/mingkunchen/.m2/repository/org/springframework/spring-tx/3.2.3.RELEASE/spring-tx-3.2.3.RELEASE.jar:/Users/mingkunchen/.m2/repository/aopalliance/aopalliance/1.0/aopalliance-1.0.jar:/Users/mingkunchen/.m2/repository/org/slf4j/slf4j-api/1.7.5/slf4j-api-1.7.5.jar:/Users/mingkunchen/.m2/repository/ch/qos/logback/logback-classic/1.0.13/logback-classic-1.0.13.jar:/Users/mingkunchen/.m2/repository/ch/qos/logback/logback-core/1.0.13/logback-core-1.0.13.jar:/Users/mingkunchen/.m2/repository/org/hibernate/hibernate-entitymanager/5.0.2.Final/hibernate-entitymanager-5.0.2.Final.jar:/Users/mingkunchen/.m2/repository/org/jboss/logging/jboss-logging/3.3.0.Final/jboss-logging-3.3.0.Final.jar:/Users/mingkunchen/.m2/repository/org/hibernate/hibernate-core/5.0.2.Final/hibernate-core-5.0.2.Final.jar:/Users/mingkunchen/.m2/repository/antlr/antlr/2.7.7/antlr-2.7.7.jar:/Users/mingkunchen/.m2/repository/org/jboss/jandex/1.2.2.Final/jandex-1.2.2.Final.jar:/Users/mingkunchen/.m2/repository/dom4j/dom4j/1.6.1/dom4j-1.6.1.jar:/Users/mingkunchen/.m2/repository/xml-apis/xml-apis/1.0.b2/xml-apis-1.0.b2.jar:/Users/mingkunchen/.m2/repository/org/hibernate/common/hibernate-commons-annotations/5.0.0.Final/hibernate-commons-annotations-5.0.0.Final.jar:/Users/mingkunchen/.m2/repository/org/hibernate/javax/persistence/hibernate-jpa-2.1-api/1.0.0.Final/hibernate-jpa-2.1-api-1.0.0.Final.jar:/Users/mingkunchen/.m2/repository/org/apache/geronimo/specs/geronimo-jta_1.1_spec/1.1.1/geronimo-jta_1.1_spec-1.1.1.jar:/Users/mingkunchen/.m2/repository/org/javassist/javassist/3.18.1-GA/javassist-3.18.1-GA.jar:/Users/mingkunchen/.m2/repository/org/springframework/spring-test/3.2.3.RELEASE/spring-test-3.2.3.RELEASE.jar:/Users/mingkunchen/.m2/repository/junit/junit/4.11/junit-4.11.jar:/Users/mingkunchen/.m2/repository/org/hamcrest/hamcrest-core/1.3/hamcrest-core-1.3.jar:/Users/mingkunchen/.m2/repository/org/apache/poi/poi/3.9/poi-3.9.jar:/Users/mingkunchen/.m2/repository/commons-codec/commons-codec/1.5/commons-codec-1.5.jar:/Users/mingkunchen/.m2/repository/com/oracle/ojdbc6/11.2.0.3/ojdbc6-11.2.0.3.jar:, hibernate.bytecode.use_reflection_optimizer=false, format_sql=true, hibernate.show_sql=true, java.vm.specification.version=1.8, sun.arch.data.model=64, sun.java.command=/Users/mingkunchen/Desktop/CISC 181/J2SE_Workspace/Final coding/FinalExamStarter-master/FirstBankMortgage_DAL/target/surefire/surefirebooter6263582893075316718.jar /Users/mingkunchen/Desktop/CISC 181/J2SE_Workspace/Final coding/FinalExamStarter-master/FirstBankMortgage_DAL/target/surefire/surefire3111538794709484481tmp /Users/mingkunchen/Desktop/CISC 181/J2SE_Workspace/Final coding/FinalExamStarter-master/FirstBankMortgage_DAL/target/surefire/surefire_01176103580628520995tmp, java.home=/Library/Java/JavaVirtualMachines/jdk1.8.0_60.jdk/Contents/Home/jre, hibernate.connection.url=jdbc:oracle:thin:@cisc181.ci3wacsy5j84.us-east-1.rds.amazonaws.com:1521:ORCL, hibernate.dialect=org.hibernate.dialect.Oracle10gDialect, user.language=en, java.specification.vendor=Oracle Corporation, awt.toolkit=sun.lwawt.macosx.LWCToolkit, java.vm.info=mixed mode, java.version=1.8.0_60, java.ext.dirs=/Users/mingkunchen/Library/Java/Extensions:/Library/Java/JavaVirtualMachines/jdk1.8.0_60.jdk/Contents/Home/jre/lib/ext:/Library/Java/Extensions:/Network/Library/Java/Extensions:/System/Library/Java/Extensions:/usr/lib/java, sun.boot.class.path=/Library/Java/JavaVirtualMachines/jdk1.8.0_60.jdk/Contents/Home/jre/lib/resources.jar:/Library/Java/JavaVirtualMachines/jdk1.8.0_60.jdk/Contents/Home/jre/lib/rt.jar:/Library/Java/JavaVirtualMachines/jdk1.8.0_60.jdk/Contents/Home/jre/lib/sunrsasign.jar:/Library/Java/JavaVirtualMachines/jdk1.8.0_60.jdk/Contents/Home/jre/lib/jsse.jar:/Library/Java/JavaVirtualMachines/jdk1.8.0_60.jdk/Contents/Home/jre/lib/jce.jar:/Library/Java/JavaVirtualMachines/jdk1.8.0_60.jdk/Contents/Home/jre/lib/charsets.jar:/Library/Java/JavaVirtualMachines/jdk1.8.0_60.jdk/Contents/Home/jre/lib/jfr.jar:/Library/Java/JavaVirtualMachines/jdk1.8.0_60.jdk/Contents/Home/jre/classes, java.vendor=Oracle Corporation, localRepository=/Users/mingkunchen/.m2/repository, file.separator=/, java.vendor.url.bug=http://bugreport.sun.com/bugreport/, hibernate.hbm2ddl.auto=update, sun.io.unicode.encoding=UnicodeBig, sun.cpu.endian=little, sun.cpu.isalist=}
21:39:18.595 [main] DEBUG o.h.secure.spi.JaccIntegrator - Skipping JACC integration as it was not enabled
21:39:18.633 [main] DEBUG o.h.b.internal.ClassLoaderAccessImpl - Not known whether passed class name [domain.RateDomainModel] is safe
21:39:18.633 [main] DEBUG o.h.b.internal.ClassLoaderAccessImpl - No temp ClassLoader provided; using live ClassLoader for loading potentially unsafe class : domain.RateDomainModel
21:39:18.651 [main] DEBUG o.h.b.internal.ClassLoaderAccessImpl - Not known whether passed class name [domain.RateDomainModel] is safe
21:39:18.651 [main] DEBUG o.h.b.internal.ClassLoaderAccessImpl - No temp ClassLoader provided; using live ClassLoader for loading potentially unsafe class : domain.RateDomainModel
21:39:18.762 [main] DEBUG o.h.p.entity.AbstractEntityPersister - Static SQL for entity: domain.RateDomainModel
21:39:18.763 [main] DEBUG o.h.p.entity.AbstractEntityPersister -  Version select: select RateID from CHENM.tblrate where RateID =?
21:39:18.763 [main] DEBUG o.h.p.entity.AbstractEntityPersister -  Snapshot select: select ratedomain_.RateID, ratedomain_.MinCreditScore as MinCreditScore2_0_, ratedomain_.InterestRate as InterestRate3_0_ from CHENM.tblrate ratedomain_ where ratedomain_.RateID=?
21:39:18.763 [main] DEBUG o.h.p.entity.AbstractEntityPersister -  Insert 0: insert into CHENM.tblrate (MinCreditScore, InterestRate, RateID) values (?, ?, ?)
21:39:18.763 [main] DEBUG o.h.p.entity.AbstractEntityPersister -  Update 0: update CHENM.tblrate set MinCreditScore=?, InterestRate=? where RateID=?
21:39:18.763 [main] DEBUG o.h.p.entity.AbstractEntityPersister -  Delete 0: delete from CHENM.tblrate where RateID=?
21:39:18.788 [main] DEBUG o.h.l.p.b.i.spaces.QuerySpacesImpl - Adding QuerySpace : uid = &lt;gen:0&gt; -&gt; org.hibernate.loader.plan.build.internal.spaces.EntityQuerySpaceImpl@78461bc4]
21:39:18.789 [main] DEBUG o.h.p.w.spi.MetamodelGraphWalker - Visiting attribute path : MinCreditScore
21:39:18.789 [main] DEBUG o.h.p.w.spi.MetamodelGraphWalker - Visiting attribute path : InterestRate
21:39:18.789 [main] DEBUG o.h.l.p.b.i.FetchStyleLoadPlanBuildingAssociationVisitationStrategy - Building LoadPlan...
21:39:18.813 [main] DEBUG o.h.l.p.e.i.LoadQueryJoinAndFetchProcessor - processing queryspace &lt;gen:0&gt;
21:39:18.816 [main] DEBUG o.h.l.p.b.spi.LoadPlanTreePrinter - LoadPlan(entity=domain.RateDomainModel)
    - Returns
       - EntityReturnImpl(entity=domain.RateDomainModel, querySpaceUid=&lt;gen:0&gt;, path=domain.RateDomainModel)
    - QuerySpaces
       - EntityQuerySpaceImpl(uid=&lt;gen:0&gt;, entity=domain.RateDomainModel)
          - SQL table alias mapping - ratedomain0_
          - alias suffix - 0_
          - suffixed key columns - {RateID1_0_0_}

21:39:18.819 [main] DEBUG o.h.loader.entity.plan.EntityLoader - Static select for entity domain.RateDomainModel [NONE]: select ratedomain0_.RateID as RateID1_0_0_, ratedomain0_.MinCreditScore as MinCreditScore2_0_0_, ratedomain0_.InterestRate as InterestRate3_0_0_ from CHENM.tblrate ratedomain0_ where ratedomain0_.RateID=?
21:39:18.819 [main] DEBUG o.h.l.p.b.i.spaces.QuerySpacesImpl - Adding QuerySpace : uid = &lt;gen:0&gt; -&gt; org.hibernate.loader.plan.build.internal.spaces.EntityQuerySpaceImpl@585811a4]
21:39:18.819 [main] DEBUG o.h.p.w.spi.MetamodelGraphWalker - Visiting attribute path : MinCreditScore
21:39:18.819 [main] DEBUG o.h.p.w.spi.MetamodelGraphWalker - Visiting attribute path : InterestRate
21:39:18.819 [main] DEBUG o.h.l.p.b.i.FetchStyleLoadPlanBuildingAssociationVisitationStrategy - Building LoadPlan...
21:39:18.819 [main] DEBUG o.h.l.p.e.i.LoadQueryJoinAndFetchProcessor - processing queryspace &lt;gen:0&gt;
21:39:18.820 [main] DEBUG o.h.l.p.b.spi.LoadPlanTreePrinter - LoadPlan(entity=domain.RateDomainModel)
    - Returns
       - EntityReturnImpl(entity=domain.RateDomainModel, querySpaceUid=&lt;gen:0&gt;, path=domain.RateDomainModel)
    - QuerySpaces
       - EntityQuerySpaceImpl(uid=&lt;gen:0&gt;, entity=domain.RateDomainModel)
          - SQL table alias mapping - ratedomain0_
          - alias suffix - 0_
          - suffixed key columns - {RateID1_0_0_}

21:39:18.820 [main] DEBUG o.h.loader.entity.plan.EntityLoader - Static select for entity domain.RateDomainModel [READ]: select ratedomain0_.RateID as RateID1_0_0_, ratedomain0_.MinCreditScore as MinCreditScore2_0_0_, ratedomain0_.InterestRate as InterestRate3_0_0_ from CHENM.tblrate ratedomain0_ where ratedomain0_.RateID=?
21:39:18.820 [main] DEBUG o.h.l.p.b.i.spaces.QuerySpacesImpl - Adding QuerySpace : uid = &lt;gen:0&gt; -&gt; org.hibernate.loader.plan.build.internal.spaces.EntityQuerySpaceImpl@411341bd]
21:39:18.820 [main] DEBUG o.h.p.w.spi.MetamodelGraphWalker - Visiting attribute path : MinCreditScore
21:39:18.820 [main] DEBUG o.h.p.w.spi.MetamodelGraphWalker - Visiting attribute path : InterestRate
21:39:18.820 [main] DEBUG o.h.l.p.b.i.FetchStyleLoadPlanBuildingAssociationVisitationStrategy - Building LoadPlan...
21:39:18.820 [main] DEBUG o.h.l.p.e.i.LoadQueryJoinAndFetchProcessor - processing queryspace &lt;gen:0&gt;
21:39:18.820 [main] DEBUG o.h.l.p.b.spi.LoadPlanTreePrinter - LoadPlan(entity=domain.RateDomainModel)
    - Returns
       - EntityReturnImpl(entity=domain.RateDomainModel, querySpaceUid=&lt;gen:0&gt;, path=domain.RateDomainModel)
    - QuerySpaces
       - EntityQuerySpaceImpl(uid=&lt;gen:0&gt;, entity=domain.RateDomainModel)
          - SQL table alias mapping - ratedomain0_
          - alias suffix - 0_
          - suffixed key columns - {RateID1_0_0_}

21:39:18.820 [main] DEBUG o.h.loader.entity.plan.EntityLoader - Static select for entity domain.RateDomainModel [UPGRADE]: select ratedomain0_.RateID as RateID1_0_0_, ratedomain0_.MinCreditScore as MinCreditScore2_0_0_, ratedomain0_.InterestRate as InterestRate3_0_0_ from CHENM.tblrate ratedomain0_ where ratedomain0_.RateID=? for update
21:39:18.821 [main] DEBUG o.h.l.p.b.i.spaces.QuerySpacesImpl - Adding QuerySpace : uid = &lt;gen:0&gt; -&gt; org.hibernate.loader.plan.build.internal.spaces.EntityQuerySpaceImpl@5400db36]
21:39:18.821 [main] DEBUG o.h.p.w.spi.MetamodelGraphWalker - Visiting attribute path : MinCreditScore
21:39:18.821 [main] DEBUG o.h.p.w.spi.MetamodelGraphWalker - Visiting attribute path : InterestRate
21:39:18.821 [main] DEBUG o.h.l.p.b.i.FetchStyleLoadPlanBuildingAssociationVisitationStrategy - Building LoadPlan...
21:39:18.821 [main] DEBUG o.h.l.p.e.i.LoadQueryJoinAndFetchProcessor - processing queryspace &lt;gen:0&gt;
21:39:18.821 [main] DEBUG o.h.l.p.b.spi.LoadPlanTreePrinter - LoadPlan(entity=domain.RateDomainModel)
    - Returns
       - EntityReturnImpl(entity=domain.RateDomainModel, querySpaceUid=&lt;gen:0&gt;, path=domain.RateDomainModel)
    - QuerySpaces
       - EntityQuerySpaceImpl(uid=&lt;gen:0&gt;, entity=domain.RateDomainModel)
          - SQL table alias mapping - ratedomain0_
          - alias suffix - 0_
          - suffixed key columns - {RateID1_0_0_}

21:39:18.821 [main] DEBUG o.h.loader.entity.plan.EntityLoader - Static select for entity domain.RateDomainModel [UPGRADE_NOWAIT]: select ratedomain0_.RateID as RateID1_0_0_, ratedomain0_.MinCreditScore as MinCreditScore2_0_0_, ratedomain0_.InterestRate as InterestRate3_0_0_ from CHENM.tblrate ratedomain0_ where ratedomain0_.RateID=? for update nowait
21:39:18.821 [main] DEBUG o.h.l.p.b.i.spaces.QuerySpacesImpl - Adding QuerySpace : uid = &lt;gen:0&gt; -&gt; org.hibernate.loader.plan.build.internal.spaces.EntityQuerySpaceImpl@2d72f75e]
21:39:18.822 [main] DEBUG o.h.p.w.spi.MetamodelGraphWalker - Visiting attribute path : MinCreditScore
21:39:18.822 [main] DEBUG o.h.p.w.spi.MetamodelGraphWalker - Visiting attribute path : InterestRate
21:39:18.822 [main] DEBUG o.h.l.p.b.i.FetchStyleLoadPlanBuildingAssociationVisitationStrategy - Building LoadPlan...
21:39:18.822 [main] DEBUG o.h.l.p.e.i.LoadQueryJoinAndFetchProcessor - processing queryspace &lt;gen:0&gt;
21:39:18.822 [main] DEBUG o.h.l.p.b.spi.LoadPlanTreePrinter - LoadPlan(entity=domain.RateDomainModel)
    - Returns
       - EntityReturnImpl(entity=domain.RateDomainModel, querySpaceUid=&lt;gen:0&gt;, path=domain.RateDomainModel)
    - QuerySpaces
       - EntityQuerySpaceImpl(uid=&lt;gen:0&gt;, entity=domain.RateDomainModel)
          - SQL table alias mapping - ratedomain0_
          - alias suffix - 0_
          - suffixed key columns - {RateID1_0_0_}

21:39:18.822 [main] DEBUG o.h.loader.entity.plan.EntityLoader - Static select for entity domain.RateDomainModel [UPGRADE_SKIPLOCKED]: select ratedomain0_.RateID as RateID1_0_0_, ratedomain0_.MinCreditScore as MinCreditScore2_0_0_, ratedomain0_.InterestRate as InterestRate3_0_0_ from CHENM.tblrate ratedomain0_ where ratedomain0_.RateID=? for update skip locked
21:39:18.822 [main] DEBUG o.h.l.p.b.i.spaces.QuerySpacesImpl - Adding QuerySpace : uid = &lt;gen:0&gt; -&gt; org.hibernate.loader.plan.build.internal.spaces.EntityQuerySpaceImpl@5aa0dbf4]
21:39:18.822 [main] DEBUG o.h.p.w.spi.MetamodelGraphWalker - Visiting attribute path : MinCreditScore
21:39:18.823 [main] DEBUG o.h.p.w.spi.MetamodelGraphWalker - Visiting attribute path : InterestRate
21:39:18.823 [main] DEBUG o.h.l.p.b.i.FetchStyleLoadPlanBuildingAssociationVisitationStrategy - Building LoadPlan...
21:39:18.823 [main] DEBUG o.h.l.p.e.i.LoadQueryJoinAndFetchProcessor - processing queryspace &lt;gen:0&gt;
21:39:18.823 [main] DEBUG o.h.l.p.b.spi.LoadPlanTreePrinter - LoadPlan(entity=domain.RateDomainModel)
    - Returns
       - EntityReturnImpl(entity=domain.RateDomainModel, querySpaceUid=&lt;gen:0&gt;, path=domain.RateDomainModel)
    - QuerySpaces
       - EntityQuerySpaceImpl(uid=&lt;gen:0&gt;, entity=domain.RateDomainModel)
          - SQL table alias mapping - ratedomain0_
          - alias suffix - 0_
          - suffixed key columns - {RateID1_0_0_}

21:39:18.823 [main] DEBUG o.h.loader.entity.plan.EntityLoader - Static select for entity domain.RateDomainModel [FORCE]: select ratedomain0_.RateID as RateID1_0_0_, ratedomain0_.MinCreditScore as MinCreditScore2_0_0_, ratedomain0_.InterestRate as InterestRate3_0_0_ from CHENM.tblrate ratedomain0_ where ratedomain0_.RateID=? for update nowait
21:39:18.823 [main] DEBUG o.h.l.p.b.i.spaces.QuerySpacesImpl - Adding QuerySpace : uid = &lt;gen:0&gt; -&gt; org.hibernate.loader.plan.build.internal.spaces.EntityQuerySpaceImpl@2c5d601e]
21:39:18.823 [main] DEBUG o.h.p.w.spi.MetamodelGraphWalker - Visiting attribute path : MinCreditScore
21:39:18.824 [main] DEBUG o.h.p.w.spi.MetamodelGraphWalker - Visiting attribute path : InterestRate
21:39:18.824 [main] DEBUG o.h.l.p.b.i.FetchStyleLoadPlanBuildingAssociationVisitationStrategy - Building LoadPlan...
21:39:18.824 [main] DEBUG o.h.l.p.e.i.LoadQueryJoinAndFetchProcessor - processing queryspace &lt;gen:0&gt;
21:39:18.824 [main] DEBUG o.h.l.p.b.spi.LoadPlanTreePrinter - LoadPlan(entity=domain.RateDomainModel)
    - Returns
       - EntityReturnImpl(entity=domain.RateDomainModel, querySpaceUid=&lt;gen:0&gt;, path=domain.RateDomainModel)
    - QuerySpaces
       - EntityQuerySpaceImpl(uid=&lt;gen:0&gt;, entity=domain.RateDomainModel)
          - SQL table alias mapping - ratedomain0_
          - alias suffix - 0_
          - suffixed key columns - {RateID1_0_0_}

21:39:18.824 [main] DEBUG o.h.loader.entity.plan.EntityLoader - Static select for entity domain.RateDomainModel [PESSIMISTIC_READ]: select ratedomain0_.RateID as RateID1_0_0_, ratedomain0_.MinCreditScore as MinCreditScore2_0_0_, ratedomain0_.InterestRate as InterestRate3_0_0_ from CHENM.tblrate ratedomain0_ where ratedomain0_.RateID=? for update
21:39:18.824 [main] DEBUG o.h.l.p.b.i.spaces.QuerySpacesImpl - Adding QuerySpace : uid = &lt;gen:0&gt; -&gt; org.hibernate.loader.plan.build.internal.spaces.EntityQuerySpaceImpl@23c388c2]
21:39:18.824 [main] DEBUG o.h.p.w.spi.MetamodelGraphWalker - Visiting attribute path : MinCreditScore
21:39:18.825 [main] DEBUG o.h.p.w.spi.MetamodelGraphWalker - Visiting attribute path : InterestRate
21:39:18.825 [main] DEBUG o.h.l.p.b.i.FetchStyleLoadPlanBuildingAssociationVisitationStrategy - Building LoadPlan...
21:39:18.825 [main] DEBUG o.h.l.p.e.i.LoadQueryJoinAndFetchProcessor - processing queryspace &lt;gen:0&gt;
21:39:18.825 [main] DEBUG o.h.l.p.b.spi.LoadPlanTreePrinter - LoadPlan(entity=domain.RateDomainModel)
    - Returns
       - EntityReturnImpl(entity=domain.RateDomainModel, querySpaceUid=&lt;gen:0&gt;, path=domain.RateDomainModel)
    - QuerySpaces
       - EntityQuerySpaceImpl(uid=&lt;gen:0&gt;, entity=domain.RateDomainModel)
          - SQL table alias mapping - ratedomain0_
          - alias suffix - 0_
          - suffixed key columns - {RateID1_0_0_}

21:39:18.825 [main] DEBUG o.h.loader.entity.plan.EntityLoader - Static select for entity domain.RateDomainModel [PESSIMISTIC_WRITE]: select ratedomain0_.RateID as RateID1_0_0_, ratedomain0_.MinCreditScore as MinCreditScore2_0_0_, ratedomain0_.InterestRate as InterestRate3_0_0_ from CHENM.tblrate ratedomain0_ where ratedomain0_.RateID=? for update
21:39:18.825 [main] DEBUG o.h.l.p.b.i.spaces.QuerySpacesImpl - Adding QuerySpace : uid = &lt;gen:0&gt; -&gt; org.hibernate.loader.plan.build.internal.spaces.EntityQuerySpaceImpl@f713686]
21:39:18.825 [main] DEBUG o.h.p.w.spi.MetamodelGraphWalker - Visiting attribute path : MinCreditScore
21:39:18.825 [main] DEBUG o.h.p.w.spi.MetamodelGraphWalker - Visiting attribute path : InterestRate
21:39:18.826 [main] DEBUG o.h.l.p.b.i.FetchStyleLoadPlanBuildingAssociationVisitationStrategy - Building LoadPlan...
21:39:18.826 [main] DEBUG o.h.l.p.e.i.LoadQueryJoinAndFetchProcessor - processing queryspace &lt;gen:0&gt;
21:39:18.826 [main] DEBUG o.h.l.p.b.spi.LoadPlanTreePrinter - LoadPlan(entity=domain.RateDomainModel)
    - Returns
       - EntityReturnImpl(entity=domain.RateDomainModel, querySpaceUid=&lt;gen:0&gt;, path=domain.RateDomainModel)
    - QuerySpaces
       - EntityQuerySpaceImpl(uid=&lt;gen:0&gt;, entity=domain.RateDomainModel)
          - SQL table alias mapping - ratedomain0_
          - alias suffix - 0_
          - suffixed key columns - {RateID1_0_0_}

21:39:18.826 [main] DEBUG o.h.loader.entity.plan.EntityLoader - Static select for entity domain.RateDomainModel [PESSIMISTIC_FORCE_INCREMENT]: select ratedomain0_.RateID as RateID1_0_0_, ratedomain0_.MinCreditScore as MinCreditScore2_0_0_, ratedomain0_.InterestRate as InterestRate3_0_0_ from CHENM.tblrate ratedomain0_ where ratedomain0_.RateID=? for update nowait
21:39:18.826 [main] DEBUG o.h.l.p.b.i.spaces.QuerySpacesImpl - Adding QuerySpace : uid = &lt;gen:0&gt; -&gt; org.hibernate.loader.plan.build.internal.spaces.EntityQuerySpaceImpl@4b4dd216]
21:39:18.826 [main] DEBUG o.h.p.w.spi.MetamodelGraphWalker - Visiting attribute path : MinCreditScore
21:39:18.826 [main] DEBUG o.h.p.w.spi.MetamodelGraphWalker - Visiting attribute path : InterestRate
21:39:18.827 [main] DEBUG o.h.l.p.b.i.FetchStyleLoadPlanBuildingAssociationVisitationStrategy - Building LoadPlan...
21:39:18.827 [main] DEBUG o.h.l.p.e.i.LoadQueryJoinAndFetchProcessor - processing queryspace &lt;gen:0&gt;
21:39:18.827 [main] DEBUG o.h.l.p.b.spi.LoadPlanTreePrinter - LoadPlan(entity=domain.RateDomainModel)
    - Returns
       - EntityReturnImpl(entity=domain.RateDomainModel, querySpaceUid=&lt;gen:0&gt;, path=domain.RateDomainModel)
    - QuerySpaces
       - EntityQuerySpaceImpl(uid=&lt;gen:0&gt;, entity=domain.RateDomainModel)
          - SQL table alias mapping - ratedomain0_
          - alias suffix - 0_
          - suffixed key columns - {RateID1_0_0_}

21:39:18.827 [main] DEBUG o.h.loader.entity.plan.EntityLoader - Static select for entity domain.RateDomainModel [OPTIMISTIC]: select ratedomain0_.RateID as RateID1_0_0_, ratedomain0_.MinCreditScore as MinCreditScore2_0_0_, ratedomain0_.InterestRate as InterestRate3_0_0_ from CHENM.tblrate ratedomain0_ where ratedomain0_.RateID=?
21:39:18.827 [main] DEBUG o.h.l.p.b.i.spaces.QuerySpacesImpl - Adding QuerySpace : uid = &lt;gen:0&gt; -&gt; org.hibernate.loader.plan.build.internal.spaces.EntityQuerySpaceImpl@5a62b2a4]
21:39:18.827 [main] DEBUG o.h.p.w.spi.MetamodelGraphWalker - Visiting attribute path : MinCreditScore
21:39:18.827 [main] DEBUG o.h.p.w.spi.MetamodelGraphWalker - Visiting attribute path : InterestRate
21:39:18.828 [main] DEBUG o.h.l.p.b.i.FetchStyleLoadPlanBuildingAssociationVisitationStrategy - Building LoadPlan...
21:39:18.828 [main] DEBUG o.h.l.p.e.i.LoadQueryJoinAndFetchProcessor - processing queryspace &lt;gen:0&gt;
21:39:18.828 [main] DEBUG o.h.l.p.b.spi.LoadPlanTreePrinter - LoadPlan(entity=domain.RateDomainModel)
    - Returns
       - EntityReturnImpl(entity=domain.RateDomainModel, querySpaceUid=&lt;gen:0&gt;, path=domain.RateDomainModel)
    - QuerySpaces
       - EntityQuerySpaceImpl(uid=&lt;gen:0&gt;, entity=domain.RateDomainModel)
          - SQL table alias mapping - ratedomain0_
          - alias suffix - 0_
          - suffixed key columns - {RateID1_0_0_}

21:39:18.828 [main] DEBUG o.h.loader.entity.plan.EntityLoader - Static select for entity domain.RateDomainModel [OPTIMISTIC_FORCE_INCREMENT]: select ratedomain0_.RateID as RateID1_0_0_, ratedomain0_.MinCreditScore as MinCreditScore2_0_0_, ratedomain0_.InterestRate as InterestRate3_0_0_ from CHENM.tblrate ratedomain0_ where ratedomain0_.RateID=?
21:39:18.847 [main] DEBUG org.hibernate.loader.Loader - Static select for action ACTION_MERGE on entity domain.RateDomainModel: select ratedomain0_.RateID as RateID1_0_0_, ratedomain0_.MinCreditScore as MinCreditScore2_0_0_, ratedomain0_.InterestRate as InterestRate3_0_0_ from CHENM.tblrate ratedomain0_ where ratedomain0_.RateID=?
21:39:18.848 [main] DEBUG org.hibernate.loader.Loader - Static select for action ACTION_REFRESH on entity domain.RateDomainModel: select ratedomain0_.RateID as RateID1_0_0_, ratedomain0_.MinCreditScore as MinCreditScore2_0_0_, ratedomain0_.InterestRate as InterestRate3_0_0_ from CHENM.tblrate ratedomain0_ where ratedomain0_.RateID=?
21:39:18.848 [main] DEBUG o.h.internal.SessionFactoryImpl - Instantiated session factory
21:39:18.854 [main] INFO  o.h.tool.hbm2ddl.SchemaUpdate - HHH000228: Running hbm2ddl schema update
21:39:19.571 [main] INFO  o.h.t.s.e.i.InformationExtractorJdbcDatabaseMetaDataImpl - HHH000262: Table not found: tblrate
21:39:19.809 [main] DEBUG o.h.e.t.j.p.i.JtaPlatformInitiator - No JtaPlatform was specified, checking resolver
21:39:19.810 [main] DEBUG o.h.e.t.j.p.i.JtaPlatformResolverInitiator - No JtaPlatformResolver was specified, using default [org.hibernate.engine.transaction.jta.platform.internal.StandardJtaPlatformResolver]
21:39:19.813 [main] DEBUG o.h.e.t.j.p.i.StandardJtaPlatformResolver - Could not resolve JtaPlatform, using default [org.hibernate.engine.transaction.jta.platform.internal.NoJtaPlatform]
21:39:19.814 [main] DEBUG o.h.internal.NamedQueryRepository - Checking 0 named HQL queries
21:39:19.815 [main] DEBUG o.h.internal.NamedQueryRepository - Checking 0 named SQL queries
21:39:19.816 [main] DEBUG o.h.internal.SessionFactoryRegistry - Initializing SessionFactoryRegistry : org.hibernate.internal.SessionFactoryRegistry@54a3ab8f
21:39:19.818 [main] DEBUG o.h.internal.SessionFactoryRegistry - Registering SessionFactory: be6cc8bf-1b0f-45d0-8936-d3fb739574d8 (&lt;unnamed&gt;)
21:39:19.818 [main] DEBUG o.h.internal.SessionFactoryRegistry - Not binding SessionFactory to JNDI, no JNDI name configured
21:39:19.871 [main] DEBUG o.h.s.internal.StatisticsInitiator - Statistics initialized [enabled=false]
21:39:19.872 [main] DEBUG o.h.e.t.internal.TransactionImpl - begin
21:39:19.882 [main] DEBUG o.h.h.i.QueryTranslatorFactoryInitiator - QueryTranslatorFactory : org.hibernate.hql.internal.ast.ASTQueryTranslatorFactory@62b3df3a
21:39:19.883 [main] INFO  o.h.h.i.QueryTranslatorFactoryInitiator - HHH000397: Using ASTQueryTranslatorFactory
21:39:19.919 [main] DEBUG o.h.h.i.ast.QueryTranslatorImpl - parse() - HQL: from domain.RateDomainModel where MinCreditScore = :cs 
21:39:19.928 [main] DEBUG o.h.h.i.ast.QueryTranslatorImpl - --- HQL AST ---
 \-[QUERY] Node: &apos;query&apos;
    +-[SELECT_FROM] Node: &apos;SELECT_FROM&apos;
    |  \-[FROM] Node: &apos;from&apos;
    |     \-[RANGE] Node: &apos;RANGE&apos;
    |        \-[DOT] Node: &apos;.&apos;
    |           +-[IDENT] Node: &apos;domain&apos;
    |           \-[IDENT] Node: &apos;RateDomainModel&apos;
    \-[WHERE] Node: &apos;where&apos;
       \-[EQ] Node: &apos;=&apos;
          +-[IDENT] Node: &apos;MinCreditScore&apos;
          \-[COLON] Node: &apos;:&apos;
             \-[IDENT] Node: &apos;cs&apos;

21:39:19.928 [main] DEBUG o.h.hql.internal.ast.ErrorCounter - throwQueryException() : no errors
21:39:19.952 [main] DEBUG o.h.h.i.antlr.HqlSqlBaseWalker - select &lt;&lt; begin [level=1, statement=select]
21:39:19.970 [main] DEBUG o.h.h.internal.ast.tree.FromElement - FromClause{level=1} : domain.RateDomainModel (&lt;no alias&gt;) -&gt; ratedomain0_
21:39:19.972 [main] DEBUG o.h.h.i.ast.tree.FromReferenceNode - Resolved : {synthetic-alias} -&gt; {synthetic-alias}
21:39:19.974 [main] DEBUG o.h.hql.internal.ast.tree.DotNode - getDataType() : MinCreditScore -&gt; org.hibernate.type.IntegerType@25be7b63
21:39:19.974 [main] DEBUG o.h.h.i.ast.tree.FromReferenceNode - Resolved : {synthetic-alias}.MinCreditScore -&gt; ratedomain0_.MinCreditScore
21:39:19.977 [main] DEBUG o.h.h.i.antlr.HqlSqlBaseWalker - select : finishing up [level=1, statement=select]
21:39:19.977 [main] DEBUG o.h.hql.internal.ast.HqlSqlWalker - processQuery() :  ( SELECT ( FromClause{level=1} CHENM.tblrate ratedomain0_ ) ( where ( = ( ratedomain0_.MinCreditScore {synthetic-alias} MinCreditScore ) ? ) ) )
21:39:19.983 [main] DEBUG o.h.hql.internal.ast.HqlSqlWalker - Derived SELECT clause created.
21:39:19.989 [main] DEBUG o.h.h.i.ast.util.JoinProcessor - Using FROM fragment [CHENM.tblrate ratedomain0_]
21:39:19.989 [main] DEBUG o.h.h.i.antlr.HqlSqlBaseWalker - select &gt;&gt; end [level=1, statement=select]
21:39:19.998 [main] DEBUG o.h.h.i.ast.QueryTranslatorImpl - --- SQL AST ---
 \-[SELECT] QueryNode: &apos;SELECT&apos;  querySpaces (CHENM.tblrate)
    +-[SELECT_CLAUSE] SelectClause: &apos;{derived select clause}&apos;
    |  +-[SELECT_EXPR] SelectExpressionImpl: &apos;ratedomain0_.RateID as RateID1_0_&apos; {FromElement{explicit,not a collection join,not a fetch join,fetch non-lazy properties,classAlias=null,role=null,tableName=CHENM.tblrate,tableAlias=ratedomain0_,origin=null,columns={,className=domain.RateDomainModel}}}
    |  \-[SQL_TOKEN] SqlFragment: &apos;ratedomain0_.MinCreditScore as MinCreditScore2_0_, ratedomain0_.InterestRate as InterestRate3_0_&apos;
    +-[FROM] FromClause: &apos;from&apos; FromClause{level=1, fromElementCounter=1, fromElements=1, fromElementByClassAlias=[], fromElementByTableAlias=[ratedomain0_], fromElementsByPath=[], collectionJoinFromElementsByPath=[], impliedElements=[]}
    |  \-[FROM_FRAGMENT] FromElement: &apos;CHENM.tblrate ratedomain0_&apos; FromElement{explicit,not a collection join,not a fetch join,fetch non-lazy properties,classAlias=null,role=null,tableName=CHENM.tblrate,tableAlias=ratedomain0_,origin=null,columns={,className=domain.RateDomainModel}}
    \-[WHERE] SqlNode: &apos;where&apos;
       \-[EQ] BinaryLogicOperatorNode: &apos;=&apos;
          +-[DOT] DotNode: &apos;ratedomain0_.MinCreditScore&apos; {propertyName=MinCreditScore,dereferenceType=PRIMITIVE,getPropertyPath=MinCreditScore,path={synthetic-alias}.MinCreditScore,tableAlias=ratedomain0_,className=domain.RateDomainModel,classAlias=null}
          |  +-[IDENT] IdentNode: &apos;{synthetic-alias}&apos; {originalText={synthetic-alias}}
          |  \-[IDENT] IdentNode: &apos;MinCreditScore&apos; {originalText=MinCreditScore}
          \-[NAMED_PARAM] ParameterNode: &apos;?&apos; {name=cs, expectedType=org.hibernate.type.IntegerType@25be7b63}

21:39:19.999 [main] DEBUG o.h.hql.internal.ast.ErrorCounter - throwQueryException() : no errors
21:39:20.008 [main] DEBUG o.h.h.i.ast.QueryTranslatorImpl - HQL: from domain.RateDomainModel where MinCreditScore = :cs 
21:39:20.008 [main] DEBUG o.h.h.i.ast.QueryTranslatorImpl - SQL: select ratedomain0_.RateID as RateID1_0_, ratedomain0_.MinCreditScore as MinCreditScore2_0_, ratedomain0_.InterestRate as InterestRate3_0_ from CHENM.tblrate ratedomain0_ where ratedomain0_.MinCreditScore=?
21:39:20.008 [main] DEBUG o.h.hql.internal.ast.ErrorCounter - throwQueryException() : no errors
21:39:20.022 [main] DEBUG org.hibernate.SQL - 
    select
        ratedomain0_.RateID as RateID1_0_,
        ratedomain0_.MinCreditScore as MinCreditScore2_0_,
        ratedomain0_.InterestRate as InterestRate3_0_ 
    from
        CHENM.tblrate ratedomain0_ 
    where
        ratedomain0_.MinCreditScore=?
Hibernate: 
    select
        ratedomain0_.RateID as RateID1_0_,
        ratedomain0_.MinCreditScore as MinCreditScore2_0_,
        ratedomain0_.InterestRate as InterestRate3_0_ 
    from
        CHENM.tblrate ratedomain0_ 
    where
        ratedomain0_.MinCreditScore=?
</system-out>
  </testcase>
</testsuite>